0000000000000000000000000000000000000000000000000000000000000000	Cycle:0	Time:105000
S
0000000000000000000000000000000000000000000000000000000000000000	Cycle:1	Time:115000
S
0000000000000000000000000000000000000000000000000000000000000000	Cycle:2	Time:125000
S
0000000000000000000000000000000000000000000000000000000000000000	Cycle:3	Time:135000
S
0000000000000000000000000000000000000000000000000000000000000000	Cycle:4	Time:145000
S
0000000000000000000000000000000000000000000000000000000000000000	Cycle:5	Time:155000
S
0000000000000000000000000000000000000000000000000000000000000000	Cycle:6	Time:165000
S
0000000000000000000000000000000000000000000000000000000000000000	Cycle:7	Time:175000
S
0101000000000000000000000000000000000000000000000000000000000000	Cycle:8	Time:185000
H   T
0101111100000000000000000000000000000000000000000000000000000000	Cycle:9	Time:195000
H       T
0101111111110000000000000000000000000000000000000000000000000000	Cycle:10	Time:205000
H           T
0101111111111111000000000000000000000000000000000000000000000000	Cycle:11	Time:215000
H               T
1101111111111111000000000000000000000000000000000000000000000000	Cycle:12	Time:225000
H               T
0101111111111111000000000000000000000000000000000000000000000000	Cycle:13	Time:235000
 H              T
0000000000000000000000000000000000000000000000000000000000000000	Cycle:14	Time:245000
S
0000000000000000000000000000000000000000000000000000000000000000	Cycle:15	Time:255000
S
0000000000000000000000000000000000000000000000000000000000000000	Cycle:16	Time:265000
S
0000000000000000000000000000000000000000000000000000000000000000	Cycle:17	Time:275000
S
0000000000000000000000000000000000000000000000000000000000000000	Cycle:18	Time:285000
S
0000000000000000000000000000000000000000000000000000000000000000	Cycle:19	Time:295000
H   T
0000000000000000000000000000000000000000000000000000000000000000	Cycle:20	Time:305000
H       T
0000000000000000000000000000000000000000000000000000000000000000	Cycle:21	Time:315000
H           T
0000000000000001000000000000000000000000000000000000000000000000	Cycle:22	Time:325000
H               T
1101000000000001111100000000000000000000000000000000000000000000	Cycle:23	Time:335000
H                   T
0001100000000001111100000000000000000000000000000000000000000000	Cycle:24	Time:345000
  H                 T
0001100000000001111100000000000000000000000000000000000000000000	Cycle:25	Time:355000
  H                 T
0001100000000001111111110000000000000000000000000000000000000000	Cycle:26	Time:365000
  H                     T
0001100000000001111111111111000000000000000000000000000000000000	Cycle:27	Time:375000
  H                         T
0011100000001001111111111111111100000000000000000000000000000000	Cycle:28	Time:385000
  H                             T
0000000000111001111111111111111111110000000000000000000000000000	Cycle:29	Time:395000
     H                              T
0000000000111001111111111111111111111111000000000000000000000000	Cycle:30	Time:405000
     H                                  T
0000010000111001111111111111111111111111111100000000000000000000	Cycle:31	Time:415000
     H                                      T
0000000000111001111111111111111111111111111111110000000000000000	Cycle:32	Time:425000
      H                                         T
0000000000111101111111111111111111111111111111111111000000000000	Cycle:33	Time:435000
      H                                             T
0000000000111101111111111111111111111111111111111111111100000000	Cycle:34	Time:445000
      H                                                 T
0000000000111101111111111111111111111111111111111111111111110000	Cycle:35	Time:455000
      H                                                     T
0000000000111101111111111111111111111111111111111111111111111111	Cycle:36	Time:465000
T     H
1111000000111101111111111111111111111111111111111111111111111111	Cycle:37	Time:475000
    T H
1111001100111111111111111111111111111111111111111111111111111111	Cycle:38	Time:485000
    T H
1111000000111111111111111111111111111111111111111111111111111111	Cycle:39	Time:495000
    T   H
1111000000111111111111111111111111111111111111111111111111111111	Cycle:40	Time:505000
    T   H
1111000000111111111111111111111111111111111111111111111111111111	Cycle:41	Time:515000
    T   H
1111000000111111111111111111111111111111111111111111111111111111	Cycle:42	Time:525000
    T   H
1111000010111111111111111111111111111111111111111111111111111111	Cycle:43	Time:535000
    T   H
1111000000111111111111111111111111111111111111111111111111111111	Cycle:44	Time:545000
    T    H
1111000000111111111111111111111111111111111111111111111111111111	Cycle:45	Time:555000
    T    H
1111000000111111111111111111111111111111111111111111111111111111	Cycle:46	Time:565000
    T    H
1111000000111111111111111111111111111111111111111111111111111111	Cycle:47	Time:575000
    T    H
1111000001111111111111111111111111111111111111111111111111111111	Cycle:48	Time:585000
    T    H
1111000000000111111111111111111111111111111111111111111111111111	Cycle:49	Time:595000
    T        H
1111000000000001111111111111111111111111111111111111111111111111	Cycle:50	Time:605000
    T          H
0000000000000000000000000000000000000000000000000000000000000000	Cycle:51	Time:615000
S
0000000000000000000000000000000000000000000000000000000000000000	Cycle:52	Time:625000
S
0000000000000000000000000000000000000000000000000000000000000000	Cycle:53	Time:635000
S
0000000000000000000000000000000000000000000000000000000000000000	Cycle:54	Time:645000
S
0000000000000000000000000000000000000000000000000000000000000000	Cycle:55	Time:655000
S
0000000000000000000000000000000000000000000000000000000000000000	Cycle:56	Time:665000
H  T
0000000000000000000000000000000000000000000000000000000000000000	Cycle:57	Time:675000
H      T
0000000000100000000000000000000000000000000000000000000000000000	Cycle:58	Time:685000
H          T
0000000000111110000000000000000000000000000000000000000000000000	Cycle:59	Time:695000
H              T
0000000000111111111000000000000000000000000000000000000000000000	Cycle:60	Time:705000
H                  T
0000011000111111111111100000000000000000000000000000000000000000	Cycle:61	Time:715000
H                      T
1000011100111111111111111110000000000000000000000000000000000000	Cycle:62	Time:725000
H                          T
0000011100111111111111111111111000000000000000000000000000000000	Cycle:63	Time:735000
 H                             T
0010011100111111111111111111111111100000000000000000000000000000	Cycle:64	Time:745000
 H                                 T
0010011100111111111111111111111111111110000000000000000000000000	Cycle:65	Time:755000
 H                                     T
0010011100111111111111111111111111111111111000000000000000000000	Cycle:66	Time:765000
 H                                         T
0010011110111111111111111111111111111111111111100000000000000000	Cycle:67	Time:775000
 H                                             T
0010011110111111111111111111111111111111111111100000000000000000	Cycle:68	Time:785000
 H                                             T
0110011110111111111111111111111111111111111111100000000000000000	Cycle:69	Time:795000
 H                                             T
0000011110111111111111111111111111111111111111111110000000000000	Cycle:70	Time:805000
   H                                               T
0000011110111111111111111111111111111111111111111110000000000000	Cycle:71	Time:815000
   H                                               T
0000011111111111111111111111111111111111111111111110000000000000	Cycle:72	Time:825000
   H                                               T
0000011111111111111111111111111111111111111111111110000000000000	Cycle:73	Time:835000
   H                                               T
0001011111111111111111111111111111111111111111111110000000000000	Cycle:74	Time:845000
   H                                               T
0000011111111111111111111111111111111111111111111110000000000000	Cycle:75	Time:855000
    H                                              T
0000011111111111111111111111111111111111111111111110000000000000	Cycle:76	Time:865000
    H                                              T
0000011111111111111111111111111111111111111111111110000000000000	Cycle:77	Time:875000
    H                                              T
0000011111111111111111111111111111111111111111111110000000000000	Cycle:78	Time:885000
    H                                              T
0000111111111111111111111111111111111111111111111110000000000000	Cycle:79	Time:895000
    H                                              T
0000000011111111111111111111111111111111111111111110000000000000	Cycle:80	Time:905000
        H                                          T
0000000000111111111111111111111111111111111111111110000000000000	Cycle:81	Time:915000
          H                                        T
0000000000000000000000000000000000000000000000000000000000000000	Cycle:82	Time:925000
S
0000000000000000000000000000000000000000000000000000000000000000	Cycle:83	Time:935000
S
0000000000000000000000000000000000000000000000000000000000000000	Cycle:84	Time:945000
S
0000000000000000000000000000000000000000000000000000000000000000	Cycle:85	Time:955000
S
0000000000000000000000000000000000000000000000000000000000000000	Cycle:86	Time:965000
S
0000000000000000000000000000000000000000000000000000000000000000	Cycle:87	Time:975000
S
0000000000000000000000000000000000000000000000000000000000000000	Cycle:88	Time:985000
S
0000000000000000000000000000000000000000000000000000000000000000	Cycle:89	Time:995000
S
0000000000000000000000000000000000000000000000000000000000000000	Cycle:90	Time:1005000
S
0000000000000000000000000000000000000000000000000000000000000000	Cycle:91	Time:1015000
S
0000000000000000000000000000000000000000000000000000000000000000	Cycle:92	Time:1025000
S
0000000000000000000000000000000000000000000000000000000000000000	Cycle:93	Time:1035000
S
0000000000000000000000000000000000000000000000000000000000000000	Cycle:94	Time:1045000
H  T
0000000000000000000000000000000000000000000000000000000000000000	Cycle:95	Time:1055000
H  T
0000000000000000000000000000000000000000000000000000000000000000	Cycle:96	Time:1065000
H      T
0000000000000000000000000000000000000000000000000000000000000000	Cycle:97	Time:1075000
H      T
0000000000000000000000000000000000000000000000000000000000000000	Cycle:98	Time:1085000
H      T
0000000000000000000000000000000000000000000000000000000000000000	Cycle:99	Time:1095000
H      T
1000011000000000000000000000000000000000000000000000000000000000	Cycle:100	Time:1105000
H      T
0000011000000000000000000000000000000000000000000000000000000000	Cycle:101	Time:1115000
 H     T
0000011000000000000000000000000000000000000000000000000000000000	Cycle:102	Time:1125000
 H     T
0000011000000000000000000000000000000000000000000000000000000000	Cycle:103	Time:1135000
 H     T
0010011000100000000000000000000000000000000000000000000000000000	Cycle:104	Time:1145000
 H         T
0010011000100000000000000000000000000000000000000000000000000000	Cycle:105	Time:1155000
 H         T
0010011000100000000000000000000000000000000000000000000000000000	Cycle:106	Time:1165000
 H         T
0110011000100000000000000000000000000000000000000000000000000000	Cycle:107	Time:1175000
 H         T
0000011100100000000000000000000000000000000000000000000000000000	Cycle:108	Time:1185000
   H       T
0000011100100000000000000000000000000000000000000000000000000000	Cycle:109	Time:1195000
   H       T
0000011100111110000000000000000000000000000000000000000000000000	Cycle:110	Time:1205000
   H           T
0000011100111111111000000000000000000000000000000000000000000000	Cycle:111	Time:1215000
   H               T
0001011100111111111111100000000000000000000000000000000000000000	Cycle:112	Time:1225000
   H                   T
0000011110111111111111111110000000000000000000000000000000000000	Cycle:113	Time:1235000
    H                      T
0000011110111111111111111111111000000000000000000000000000000000	Cycle:114	Time:1245000
    H                          T
0000011110111111111111111111111000000000000000000000000000000000	Cycle:115	Time:1255000
    H                          T
0000011110111111111111111111111111100000000000000000000000000000	Cycle:116	Time:1265000
    H                              T
0000111110111111111111111111111111100000000000000000000000000000	Cycle:117	Time:1275000
    H                              T
0000000011111111111111111111111111100000000000000000000000000000	Cycle:118	Time:1285000
        H                          T
0000000000111111111111111111111111100000000000000000000000000000	Cycle:119	Time:1295000
          H                        T
0000000000000000000000000000000000000000000000000000000000000000	Cycle:120	Time:1305000
S
0000000000000000000000000000000000000000000000000000000000000000	Cycle:121	Time:1315000
S
0000000000000000000000000000000000000000000000000000000000000000	Cycle:122	Time:1325000
S
0000000000000000000000000000000000000000000000000000000000000000	Cycle:123	Time:1335000
S
0000000000000000000000000000000000000000000000000000000000000000	Cycle:124	Time:1345000
S
0000000000000000000000000000000000000000000000000000000000000000	Cycle:125	Time:1355000
H  T
0000000000000000000000000000000000000000000000000000000000000000	Cycle:126	Time:1365000
H      T
0000000000100000000000000000000000000000000000000000000000000000	Cycle:127	Time:1375000
H          T
0000000000111110000000000000000000000000000000000000000000000000	Cycle:128	Time:1385000
H              T
0000000000111111111000000000000000000000000000000000000000000000	Cycle:129	Time:1395000
H                  T
0000011000111111111000000000000000000000000000000000000000000000	Cycle:130	Time:1405000
H                  T
0000011100111111111000000000000000000000000000000000000000000000	Cycle:131	Time:1415000
H                  T
0000011100111111111111100000000000000000000000000000000000000000	Cycle:132	Time:1425000
H                      T
0000011100111111111111111110000000000000000000000000000000000000	Cycle:133	Time:1435000
H                          T
0000011100111111111111111110000000000000000000000000000000000000	Cycle:134	Time:1445000
H                          T
0000011100111111111111111110000000000000000000000000000000000000	Cycle:135	Time:1455000
H                          T
0000011110111111111111111111111000000000000000000000000000000000	Cycle:136	Time:1465000
H                              T
0000011110111111111111111111111111100000000000000000000000000000	Cycle:137	Time:1475000
H                                  T
1000011110111111111111111111111111111110000000000000000000000000	Cycle:138	Time:1485000
H                                      T
0010011110111111111111111111111111111110000000000000000000000000	Cycle:139	Time:1495000
 H                                     T
0010011110111111111111111111111111111110000000000000000000000000	Cycle:140	Time:1505000
 H                                     T
0010011111111111111111111111111111111111111000000000000000000000	Cycle:141	Time:1515000
 H                                         T
0010011111111111111111111111111111111111111111100000000000000000	Cycle:142	Time:1525000
 H                                             T
0010011111111111111111111111111111111111111111100000000000000000	Cycle:143	Time:1535000
 H                                             T
0010011111111111111111111111111111111111111111100000000000000000	Cycle:144	Time:1545000
 H                                             T
0110011111111111111111111111111111111111111111100000000000000000	Cycle:145	Time:1555000
 H                                             T
0000011111111111111111111111111111111111111111100000000000000000	Cycle:146	Time:1565000
   H                                           T
0000011111111111111111111111111111111111111111100000000000000000	Cycle:147	Time:1575000
   H                                           T
0000011111111111111111111111111111111111111111100000000000000000	Cycle:148	Time:1585000
   H                                           T
0000011111111111111111111111111111111111111111100000000000000000	Cycle:149	Time:1595000
   H                                           T
0001011111111111111111111111111111111111111111100000000000000000	Cycle:150	Time:1605000
   H                                           T
0000011111111111111111111111111111111111111111100000000000000000	Cycle:151	Time:1615000
    H                                          T
0000011111111111111111111111111111111111111111100000000000000000	Cycle:152	Time:1625000
    H                                          T
0000011111111111111111111111111111111111111111100000000000000000	Cycle:153	Time:1635000
    H                                          T
0000011111111111111111111111111111111111111111100000000000000000	Cycle:154	Time:1645000
    H                                          T
0000111111111111111111111111111111111111111111100000000000000000	Cycle:155	Time:1655000
    H                                          T
0000000011111111111111111111111111111111111111100000000000000000	Cycle:156	Time:1665000
        H                                      T
0000000000111111111111111111111111111111111111100000000000000000	Cycle:157	Time:1675000
          H                                    T
0000000000000000000000000000000000000000000000000000000000000000	Cycle:158	Time:1685000
S
0000000000000000000000000000000000000000000000000000000000000000	Cycle:159	Time:1695000
S
0000000000000000000000000000000000000000000000000000000000000000	Cycle:160	Time:1705000
S
0000000000000000000000000000000000000000000000000000000000000000	Cycle:161	Time:1715000
S
0000000000000000000000000000000000000000000000000000000000000000	Cycle:162	Time:1725000
S
0000000000000000000000000000000000000000000000000000000000000000	Cycle:163	Time:1735000
H  T
0000000000000000000000000000000000000000000000000000000000000000	Cycle:164	Time:1745000
H      T
0000000000000000000000000000000000000000000000000000000000000000	Cycle:165	Time:1755000
H      T
0000000000000000000000000000000000000000000000000000000000000000	Cycle:166	Time:1765000
H      T
0000000000000000000000000000000000000000000000000000000000000000	Cycle:167	Time:1775000
H      T
0000011000000000000000000000000000000000000000000000000000000000	Cycle:168	Time:1785000
H      T
0000011000000000000000000000000000000000000000000000000000000000	Cycle:169	Time:1795000
H      T
0000011000000000000000000000000000000000000000000000000000000000	Cycle:170	Time:1805000
H      T
0000011000100000000000000000000000000000000000000000000000000000	Cycle:171	Time:1815000
H          T
0000011000111110000000000000000000000000000000000000000000000000	Cycle:172	Time:1825000
H              T
0000011000111111111000000000000000000000000000000000000000000000	Cycle:173	Time:1835000
H                  T
0000011000111111111111100000000000000000000000000000000000000000	Cycle:174	Time:1845000
H                      T
0000011100111111111111111110000000000000000000000000000000000000	Cycle:175	Time:1855000
H                          T
0000011100111111111111111111111000000000000000000000000000000000	Cycle:176	Time:1865000
H                              T
1000011100111111111111111111111111100000000000000000000000000000	Cycle:177	Time:1875000
H                                  T
0000011100111111111111111111111111111110000000000000000000000000	Cycle:178	Time:1885000
 H                                     T
0000011100111111111111111111111111111111111000000000000000000000	Cycle:179	Time:1895000
 H                                         T
0000011110111111111111111111111111111111111000000000000000000000	Cycle:180	Time:1905000
 H                                         T
0000011110111111111111111111111111111111111000000000000000000000	Cycle:181	Time:1915000
 H                                         T
0000011110111111111111111111111111111111111000000000000000000000	Cycle:182	Time:1925000
 H                                         T
0000011110111111111111111111111111111111111000000000000000000000	Cycle:183	Time:1935000
 H                                         T
0100011110111111111111111111111111111111111000000000000000000000	Cycle:184	Time:1945000
 H                                         T
0010011111111111111111111111111111111111111000000000000000000000	Cycle:185	Time:1955000
  H                                        T
0000011111111111111111111111111111111111111000000000000000000000	Cycle:186	Time:1965000
   H                                       T
0000011111111111111111111111111111111111111000000000000000000000	Cycle:187	Time:1975000
   H                                       T
0000011111111111111111111111111111111111111000000000000000000000	Cycle:188	Time:1985000
   H                                       T
0000011111111111111111111111111111111111111000000000000000000000	Cycle:189	Time:1995000
   H                                       T
0001011111111111111111111111111111111111111000000000000000000000	Cycle:190	Time:2005000
   H                                       T
0000011111111111111111111111111111111111111000000000000000000000	Cycle:191	Time:2015000
    H                                      T
0000011111111111111111111111111111111111111000000000000000000000	Cycle:192	Time:2025000
    H                                      T
0000011111111111111111111111111111111111111000000000000000000000	Cycle:193	Time:2035000
    H                                      T
0000011111111111111111111111111111111111111000000000000000000000	Cycle:194	Time:2045000
    H                                      T
0000111111111111111111111111111111111111111000000000000000000000	Cycle:195	Time:2055000
    H                                      T
0000000011111111111111111111111111111111111000000000000000000000	Cycle:196	Time:2065000
        H                                  T
0000000000111111111111111111111111111111111000000000000000000000	Cycle:197	Time:2075000
          H                                T
0000000000000000000000000000000000000000000000000000000000000000	Cycle:198	Time:2085000
S
0000000000000000000000000000000000000000000000000000000000000000	Cycle:199	Time:2095000
S
0000000000000000000000000000000000000000000000000000000000000000	Cycle:200	Time:2105000
S
0000000000000000000000000000000000000000000000000000000000000000	Cycle:201	Time:2115000
S
0000000000000000000000000000000000000000000000000000000000000000	Cycle:202	Time:2125000
S
0000000000000000000000000000000000000000000000000000000000000000	Cycle:203	Time:2135000
H  T
0000000000000000000000000000000000000000000000000000000000000000	Cycle:204	Time:2145000
H  T
0000000000000000000000000000000000000000000000000000000000000000	Cycle:205	Time:2155000
H  T
0000000000000000000000000000000000000000000000000000000000000000	Cycle:206	Time:2165000
H  T
0000000000000000000000000000000000000000000000000000000000000000	Cycle:207	Time:2175000
H  T
0000000000000000000000000000000000000000000000000000000000000000	Cycle:208	Time:2185000
H  T
0000000000000000000000000000000000000000000000000000000000000000	Cycle:209	Time:2195000
H  T
0000000000000000000000000000000000000000000000000000000000000000	Cycle:210	Time:2205000
H      T
0000000000100000000000000000000000000000000000000000000000000000	Cycle:211	Time:2215000
H          T
0000000000111110000000000000000000000000000000000000000000000000	Cycle:212	Time:2225000
H              T
1000000000111110000000000000000000000000000000000000000000000000	Cycle:213	Time:2235000
H              T
0000011000111110000000000000000000000000000000000000000000000000	Cycle:214	Time:2245000
 H             T
0000011100111110000000000000000000000000000000000000000000000000	Cycle:215	Time:2255000
 H             T
0000011100111110000000000000000000000000000000000000000000000000	Cycle:216	Time:2265000
 H             T
0000011100111111111000000000000000000000000000000000000000000000	Cycle:217	Time:2275000
 H                 T
0000011100111111111111100000000000000000000000000000000000000000	Cycle:218	Time:2285000
 H                     T
0010011100111111111111111110000000000000000000000000000000000000	Cycle:219	Time:2295000
 H                         T
0110011110111111111111111111111000000000000000000000000000000000	Cycle:220	Time:2305000
 H                             T
0000011110111111111111111111111111100000000000000000000000000000	Cycle:221	Time:2315000
   H                               T
0000011110111111111111111111111111111110000000000000000000000000	Cycle:222	Time:2325000
   H                                   T
0000011110111111111111111111111111111111111000000000000000000000	Cycle:223	Time:2335000
   H                                       T
0000011110111111111111111111111111111111111000000000000000000000	Cycle:224	Time:2345000
   H                                       T
0001011111111111111111111111111111111111111000000000000000000000	Cycle:225	Time:2355000
   H                                       T
0000011111111111111111111111111111111111111000000000000000000000	Cycle:226	Time:2365000
    H                                      T
0000011111111111111111111111111111111111111000000000000000000000	Cycle:227	Time:2375000
    H                                      T
0000011111111111111111111111111111111111111000000000000000000000	Cycle:228	Time:2385000
    H                                      T
0000011111111111111111111111111111111111111000000000000000000000	Cycle:229	Time:2395000
    H                                      T
0000111111111111111111111111111111111111111000000000000000000000	Cycle:230	Time:2405000
    H                                      T
0000000011111111111111111111111111111111111000000000000000000000	Cycle:231	Time:2415000
        H                                  T
0000000000111111111111111111111111111111111000000000000000000000	Cycle:232	Time:2425000
          H                                T
0000000000000000000000000000000000000000000000000000000000000000	Cycle:233	Time:2435000
S
0000000000000000000000000000000000000000000000000000000000000000	Cycle:234	Time:2445000
S
0000000000000000000000000000000000000000000000000000000000000000	Cycle:235	Time:2455000
S
0000000000000000000000000000000000000000000000000000000000000000	Cycle:236	Time:2465000
S
0000000000000000000000000000000000000000000000000000000000000000	Cycle:237	Time:2475000
S
0000000000000000000000000000000000000000000000000000000000000000	Cycle:238	Time:2485000
H  T
0000000000000000000000000000000000000000000000000000000000000000	Cycle:239	Time:2495000
H      T
0000000000000000000000000000000000000000000000000000000000000000	Cycle:240	Time:2505000
H         T
0000000000000000000000000000000000000000000000000000000000000000	Cycle:241	Time:2515000
H            T
0000000000000000000000000000000000000000000000000000000000000000	Cycle:242	Time:2525000
H            T
0000011000000000000000000000000000000000000000000000000000000000	Cycle:243	Time:2535000
H            T
0000011100000000000000000000000000000000000000000000000000000000	Cycle:244	Time:2545000
H            T
0000011100000000000000000000000000000000000000000000000000000000	Cycle:245	Time:2555000
H            T
0000011100000000000000000000000000000000000000000000000000000000	Cycle:246	Time:2565000
H            T
0000011100000000000000000000000000000000000000000000000000000000	Cycle:247	Time:2575000
H            T
0000011100000000000000000000000000000000000000000000000000000000	Cycle:248	Time:2585000
H                T
0000011110000000000000000000000000000000000000000000000000000000	Cycle:249	Time:2595000
H                   T
0000011110000000000000000000000000000000000000000000000000000000	Cycle:250	Time:2605000
H                      T
1000011110000000000000000000000000000000000000000000000000000000	Cycle:251	Time:2615000
H                      T
0010011110000001100000000000000000000000000000000000000000000000	Cycle:252	Time:2625000
 H                     T
0010011110000001110000000000000000000000000000000000000000000000	Cycle:253	Time:2635000
 H                     T
0010011111000001110000000000000000000000000000000000000000000000	Cycle:254	Time:2645000
 H                         T
0010011111000001110000000000000000000000000000000000000000000000	Cycle:255	Time:2655000
 H                         T
0010011111000001110000000000000000000000000000000000000000000000	Cycle:256	Time:2665000
 H                            T
0010011111000001110000000000000000000000000000000000000000000000	Cycle:257	Time:2675000
 H                               T
0110011111000001111000000100000000000000000000000000000000000000	Cycle:258	Time:2685000
 H                               T
0000011111000001111000000110000000000000000000000000000000000000	Cycle:259	Time:2695000
   H                             T
0000011111000001111000000111000000000000000000000000000000000000	Cycle:260	Time:2705000
   H                             T
0000011111000001111000000111000000000000000000000000000000000000	Cycle:261	Time:2715000
   H                             T
0000011111000001111000000111000000000000000000000000000000000000	Cycle:262	Time:2725000
   H                                 T
0001011111000001111100000111000000000000000000000000000000000000	Cycle:263	Time:2735000
   H                                    T
0000011111000001111100000111000000000000000000000000000000000000	Cycle:264	Time:2745000
    H                                      T
0000011111000001111100000111100000000000000000000000000000000000	Cycle:265	Time:2755000
    H                                      T
0000011111000001111100000111100000011000000000000000000000000000	Cycle:266	Time:2765000
    H                                      T
0000011111000001111100000111100000011100000000000000000000000000	Cycle:267	Time:2775000
    H                                      T
0000111111000001111100000111100000011100000000000000000000000000	Cycle:268	Time:2785000
    H                                      T
0000000011100001111100000111100000011100000000000000000000000000	Cycle:269	Time:2795000
        H                                  T
0000000000001001111100000111110000011100000000000000000000000000	Cycle:270	Time:2805000
           H                               T
0000000000001001111100000111110000011100000000000000000000000000	Cycle:271	Time:2815000
           H                               T
0000000000001001111100000111110000011110000000000000000000000000	Cycle:272	Time:2825000
           H                                   T
0000000000001001111100000111110000011110000000000000000000000000	Cycle:273	Time:2835000
           H                                      T
0000000000001001111100000111110000011110000000000000000000000000	Cycle:274	Time:2845000
           H                                      T
0000000000001001111100000111110000011110000000000000000000000000	Cycle:275	Time:2855000
           H                                         T
0000000000011001111100000111110000011110000001100000000000000000	Cycle:276	Time:2865000
           H                                         T
0000000000000001111100000111110000011111000001110000000000000000	Cycle:277	Time:2875000
             H                                       T
0000000000000001111100000111110000011111000001110000000000000000	Cycle:278	Time:2885000
             H                                       T
0000000000000001111100000111110000011111000001110000000000000000	Cycle:279	Time:2895000
             H                                       T
0000000000000001111100000111110000011111000001110000000000000000	Cycle:280	Time:2905000
             H                                       T
0000000000000101111100000111110000011111000001110000000000000000	Cycle:281	Time:2915000
             H                                           T
0000000000000001111100000111110000011111000001111000000000000000	Cycle:282	Time:2925000
              H                                          T
0000000000000001111100000111110000011111000001111000000000000000	Cycle:283	Time:2935000
              H                                          T
0000000000000001111100000111110000011111000001111000000000000000	Cycle:284	Time:2945000
              H                                          T
0000000000000001111100000111110000011111000001111000000110000000	Cycle:285	Time:2955000
              H                                             T
0000000000000011111100000111110000011111000001111000000110000000	Cycle:286	Time:2965000
              H                                             T
0000000000000000001110000111110000011111000001111100000110000000	Cycle:287	Time:2975000
                  H                                            T
0000000000000000000000100111110000011111000001111100000110000000	Cycle:288	Time:2985000
                     H                                         T
0000000000000000000000100111110000011111000001111100000111000000	Cycle:289	Time:2995000
                     H                                         T
0000000000000000000000100111110000011111000001111100000111000000	Cycle:290	Time:3005000
                     H                                         T
0000000000000000000000100111110000011111000001111100000111000000	Cycle:291	Time:3015000
   T                 H
0000000000000000000000100111110000011111000001111100000111000000	Cycle:292	Time:3025000
   T                 H
0000000000000000000000100111110000011111000001111100000111000000	Cycle:293	Time:3035000
   T                 H
0000000000000000000001100111110000011111000001111100000111100000	Cycle:294	Time:3045000
   T                 H
0110000000000000000000000111110000011111000001111100000111100000	Cycle:295	Time:3055000
   T                   H
0110000000000000000000000111110000011111000001111100000111100000	Cycle:296	Time:3065000
   T                   H
0110000000000000000000000111110000011111000001111100000111100000	Cycle:297	Time:3075000
   T                   H
0110000000000000000000000111110000011111000001111100000111100000	Cycle:298	Time:3085000
   T                   H
0110000000000000000000010111110000011111000001111100000111110000	Cycle:299	Time:3095000
   T                   H
0110000000000000000000000111110000011111000001111100000111110000	Cycle:300	Time:3105000
   T                    H
0110000000000000000000000111110000011111000001111100000111110000	Cycle:301	Time:3115000
   T                    H
0110000000000000000000000111110000011111000001111100000111110000	Cycle:302	Time:3125000
   T                    H
0110000000000000000000000111110000011111000001111100000111110000	Cycle:303	Time:3135000
      T                 H
0110000000000000000000001111110000011111000001111100000111110000	Cycle:304	Time:3145000
      T                 H
0110000000000000000000000000111000011111000001111100000111110000	Cycle:305	Time:3155000
         T                  H
0110000000000000000000000000000010011111000001111100000111110000	Cycle:306	Time:3165000
         T                     H
0111000000000000000000000000000010011111000001111100000111110000	Cycle:307	Time:3175000
         T                     H
0111000000000000000000000000000010011111000001111100000111110000	Cycle:308	Time:3185000
         T                     H
0111000000000000000000000000000010011111000001111100000111110000	Cycle:309	Time:3195000
         T                     H
0111000000000000000000000000000010011111000001111100000111110000	Cycle:310	Time:3205000
         T                     H
0111000000000000000000000000000010011111000001111100000111110000	Cycle:311	Time:3215000
             T                 H
0111100000000000000000000000000110011111000001111100000111110000	Cycle:312	Time:3225000
             T                 H
0111100000000000000000000000000000011111000001111100000111110000	Cycle:313	Time:3235000
             T                   H
0111100000000000000000000000000000011111000001111100000111110000	Cycle:314	Time:3245000
             T                   H
0111100000011000000000000000000000011111000001111100000111110000	Cycle:315	Time:3255000
             T                   H
0111100000011000000000000000000000011111000001111100000111110000	Cycle:316	Time:3265000
             T                   H
0111110000011000000000000000000001011111000001111100000111110000	Cycle:317	Time:3275000
             T                   H
0111110000011000000000000000000000011111000001111100000111110000	Cycle:318	Time:3285000
             T                    H
0111110000011000000000000000000000011111000001111100000111110000	Cycle:319	Time:3295000
             T                    H
0111110000011000000000000000000000011111000001111100000111110000	Cycle:320	Time:3305000
             T                    H
0111110000011000000000000000000000011111000001111100000111110000	Cycle:321	Time:3315000
                T                 H
0111110000011000000000000000000000111111000001111100000111110000	Cycle:322	Time:3325000
                   T              H
0111110000011000000000000000000000000011100001111100000111110000	Cycle:323	Time:3335000
                   T                  H
0111110000011000000000000000000000000000001001111100000111110000	Cycle:324	Time:3345000
                   T                     H
0111110000011100000000000000000000000000001001111100000111110000	Cycle:325	Time:3355000
                   T                     H
0111110000011100000000000000000000000000001001111100000111110000	Cycle:326	Time:3365000
                       T                 H
0111110000011100000000000000000000000000001001111100000111110000	Cycle:327	Time:3375000
                       T                 H
0111110000011100000000000000000000000000001001111100000111110000	Cycle:328	Time:3385000
                       T                 H
0111110000011100000000000000000000000000001001111100000111110000	Cycle:329	Time:3395000
                       T                 H
0111110000011110000001000000000000000000011001111100000111110000	Cycle:330	Time:3405000
                       T                 H
0111110000011110000001100000000000000000000001111100000111110000	Cycle:331	Time:3415000
                       T                   H
0111110000011110000001100000000000000000000001111100000111110000	Cycle:332	Time:3425000
                       T                   H
0111110000011110000001100000000000000000000001111100000111110000	Cycle:333	Time:3435000
                       T                   H
0111110000011110000001100000000000000000000001111100000111110000	Cycle:334	Time:3445000
                       T                   H
0111110000011111000001100000000000000000000101111100000111110000	Cycle:335	Time:3455000
                       T                   H
0111110000011111000001100000000000000000000001111100000111110000	Cycle:336	Time:3465000
                       T                    H
0111110000011111000001100000000000000000000001111100000111110000	Cycle:337	Time:3475000
                       T                    H
0111110000011111000001100000000000000000000001111100000111110000	Cycle:338	Time:3485000
                       T                    H
0111110000011111000001100000000000000000000001111100000111110000	Cycle:339	Time:3495000
                          T                 H
0111110000011111000001100000000000000000000011111100000111110000	Cycle:340	Time:3505000
                             T              H
0111110000011111000001100000000000000000000000001110000111110000	Cycle:341	Time:3515000
                             T                  H
0111110000011111000001100000000000000000000000000000100111110000	Cycle:342	Time:3525000
                             T                     H
0111110000011111000001110000000000000000000000000000100111110000	Cycle:343	Time:3535000
                             T                     H
0111110000011111000001110000000000000000000000000000100111110000	Cycle:344	Time:3545000
                                 T                 H
0111110000011111000001110000000000000000000000000000100111110000	Cycle:345	Time:3555000
                                 T                 H
0111110000011111000001110000000000000000000000000000100111110000	Cycle:346	Time:3565000
                                 T                 H
0111110000011111000001110000000000000000000000000000100111110000	Cycle:347	Time:3575000
                                 T                 H
0111110000011111000001111000000100000000000000000001100111110000	Cycle:348	Time:3585000
                                 T                 H
0111110000011111000001111000000110000000000000000000000111110000	Cycle:349	Time:3595000
                                 T                   H
0111110000011111000001111000000110000000000000000000000111110000	Cycle:350	Time:3605000
                                 T                   H
0111110000011111000001111000000110000000000000000000000111110000	Cycle:351	Time:3615000
                                 T                   H
0111110000011111000001111000000110000000000000000000000111110000	Cycle:352	Time:3625000
                                 T                   H
0111110000011111000001111100000110000000000000000000010111110000	Cycle:353	Time:3635000
                                 T                   H
0111110000011111000001111100000110000000000000000000000111110000	Cycle:354	Time:3645000
                                 T                    H
0111110000011111000001111100000110000000000000000000000111110000	Cycle:355	Time:3655000
                                 T                    H
0111110000011111000001111100000110000000000000000000000111110000	Cycle:356	Time:3665000
                                 T                    H
0111110000011111000001111100000110000000000000000000000111110000	Cycle:357	Time:3675000
                                    T                 H
0111110000011111000001111100000110000000000000000000001111110000	Cycle:358	Time:3685000
                                    T                 H
0111110000011111000001111100000110000000000000000000000000111000	Cycle:359	Time:3695000
                                       T                  H
0111110000011111000001111100000110000000000000000000000000000010	Cycle:360	Time:3705000
                                       T                     H
0111110000011111000001111100000111000000000000000000000000000010	Cycle:361	Time:3715000
                                       T                     H
0111110000011111000001111100000111000000000000000000000000000010	Cycle:362	Time:3725000
                                       T                     H
0111110000011111000001111100000111000000000000000000000000000010	Cycle:363	Time:3735000
                                           T                 H
0111110000011111000001111100000111000000000000000000000000000010	Cycle:364	Time:3745000
                                           T                 H
0111110000011111000001111100000111000000000000000000000000000010	Cycle:365	Time:3755000
                                           T                 H
0111110000011111000001111100000111100000000000000000000000000110	Cycle:366	Time:3765000
                                           T                 H
0111110000011111000001111100000111100000011000000000000000000000	Cycle:367	Time:3775000
                                           T                   H
0111110000011111000001111100000111100000011000000000000000000000	Cycle:368	Time:3785000
                                           T                   H
0111110000011111000001111100000111100000011000000000000000000000	Cycle:369	Time:3795000
                                           T                   H
0111110000011111000001111100000111100000011000000000000000000000	Cycle:370	Time:3805000
                                           T                   H
0111110000011111000001111100000111110000011000000000000000000001	Cycle:371	Time:3815000
                                           T                   H
0111110000011111000001111100000111110000011000000000000000000000	Cycle:372	Time:3825000
H                                          T
0111110000011111000001111100000111110000011000000000000000000000	Cycle:373	Time:3835000
H                                          T
0111110000011111000001111100000111110000011000000000000000000000	Cycle:374	Time:3845000
H                                          T
0111110000011111000001111100000111110000011000000000000000000000	Cycle:375	Time:3855000
H                                          T
1111110000011111000001111100000111110000011000000000000000000000	Cycle:376	Time:3865000
H                                          T
0000111000011111000001111100000111110000011000000000000000000000	Cycle:377	Time:3875000
    H                                         T
0000000010011111000001111100000111110000011000000000000000000000	Cycle:378	Time:3885000
       H                                         T
0000000010011111000001111100000111110000011000000000000000000000	Cycle:379	Time:3895000
       H                                         T
0000000010011111000001111100000111110000011000000000000000000000	Cycle:380	Time:3905000
       H                                         T
0000000010011111000001111100000111110000011100000000000000000000	Cycle:381	Time:3915000
       H                                         T
0000000010011111000001111100000111110000011100000000000000000000	Cycle:382	Time:3925000
       H                                             T
0000000010011111000001111100000111110000011100000000000000000000	Cycle:383	Time:3935000
       H                                             T
0000000110011111000001111100000111110000011100000000000000000000	Cycle:384	Time:3945000
       H                                             T
0000000000011111000001111100000111110000011100000000000000000000	Cycle:385	Time:3955000
         H                                           T
0000000000011111000001111100000111110000011110000001000000000000	Cycle:386	Time:3965000
         H                                           T
0000000000011111000001111100000111110000011110000001100000000000	Cycle:387	Time:3975000
         H                                           T
0000000000011111000001111100000111110000011110000001100000000000	Cycle:388	Time:3985000
         H                                           T
0000000001011111000001111100000111110000011110000001100000000000	Cycle:389	Time:3995000
         H                                           T
0000000000011111000001111100000111110000011110000001100000000000	Cycle:390	Time:4005000
          H                                          T
0000000000011111000001111100000111110000011111000001100000000000	Cycle:391	Time:4015000
          H                                          T
0000000000011111000001111100000111110000011111000001100000000000	Cycle:392	Time:4025000
          H                                          T
0000000000011111000001111100000111110000011111000001100000000000	Cycle:393	Time:4035000
          H                                             T
0000000000111111000001111100000111110000011111000001100000000000	Cycle:394	Time:4045000
          H                                                T
0000000000000011100001111100000111110000011111000001100000000000	Cycle:395	Time:4055000
              H                                            T
0000000000000000001001111100000111110000011111000001100000000000	Cycle:396	Time:4065000
                 H                                         T
0000000000000000001001111100000111110000011111000001110000000000	Cycle:397	Time:4075000
                 H                                         T
0000000000000000001001111100000111110000011111000001110000000000	Cycle:398	Time:4085000
                 H                                             T
0000000000000000001001111100000111110000011111000001110000000000	Cycle:399	Time:4095000
                 H                                             T
0000000000000000001001111100000111110000011111000001110000000000	Cycle:400	Time:4105000
                 H                                             T
0000000000000000001001111100000111110000011111000001110000000000	Cycle:401	Time:4115000
                 H                                             T
0000000000000000011001111100000111110000011111000001111000000100	Cycle:402	Time:4125000
                 H                                             T
0000000000000000000001111100000111110000011111000001111000000110	Cycle:403	Time:4135000
                   H                                           T
0000000000000000000001111100000111110000011111000001111000000110	Cycle:404	Time:4145000
                   H                                           T
0000000000000000000001111100000111110000011111000001111000000110	Cycle:405	Time:4155000
                   H                                           T
0000000000000000000001111100000111110000011111000001111000000110	Cycle:406	Time:4165000
                   H                                           T
0000000000000000000101111100000111110000011111000001111100000110	Cycle:407	Time:4175000
                   H                                           T
0000000000000000000001111100000111110000011111000001111100000110	Cycle:408	Time:4185000
                    H                                          T
0000000000000000000001111100000111110000011111000001111100000110	Cycle:409	Time:4195000
                    H                                          T
0000000000000000000001111100000111110000011111000001111100000110	Cycle:410	Time:4205000
                    H                                          T
0000000000000000000001111100000111110000011111000001111100000110	Cycle:411	Time:4215000
                    H                                          T
0000000000000000000011111100000111110000011111000001111100000110	Cycle:412	Time:4225000
                    H                                          T
0000000000000000000000001110000111110000011111000001111100000110	Cycle:413	Time:4235000
                        H                                      T
0000000000000000000000000000100111110000011111000001111100000110	Cycle:414	Time:4245000
                           H                                   T
0000000000000000000000000000100111110000011111000001111100000110	Cycle:415	Time:4255000
                           H                                   T
0000000000000000000000000000100111110000011111000001111100000110	Cycle:416	Time:4265000
                           H                                   T
0000000000000000000000000000100111110000011111000001111100000110	Cycle:417	Time:4275000
                           H                                   T
0000000000000000000000000000100111110000011111000001111100000110	Cycle:418	Time:4285000
                           H                                   T
0000000000000000000000000000100111110000011111000001111100000110	Cycle:419	Time:4295000
                           H                                   T
0000000000000000000000000001100111110000011111000001111100000110	Cycle:420	Time:4305000
                           H                                   T
0000000000000000000000000000000111110000011111000001111100000110	Cycle:421	Time:4315000
                             H                                 T
0000000000000000000000000000000111110000011111000001111100000110	Cycle:422	Time:4325000
                             H                                 T
0000000000000000000000000000000111110000011111000001111100000110	Cycle:423	Time:4335000
                             H                                 T
0000000000000000000000000000000111110000011111000001111100000110	Cycle:424	Time:4345000
                             H                                 T
0000000000000000000000000000010111110000011111000001111100000110	Cycle:425	Time:4355000
                             H                                 T
0000000000000000000000000000000111110000011111000001111100000110	Cycle:426	Time:4365000
                              H                                T
0000000000000000000000000000000111110000011111000001111100000110	Cycle:427	Time:4375000
                              H                                T
0000000000000000000000000000000111110000011111000001111100000110	Cycle:428	Time:4385000
                              H                                T
0000000000000000000000000000000111110000011111000001111100000110	Cycle:429	Time:4395000
                              H                                T
0000000000000000000000000000001111110000011111000001111100000110	Cycle:430	Time:4405000
                              H                                T
0000000000000000000000000000000000111000011111000001111100000110	Cycle:431	Time:4415000
                                  H                            T
0000000000000000000000000000000000000010011111000001111100000110	Cycle:432	Time:4425000
                                     H                         T
0000000000000000000000000000000000000010011111000001111100000110	Cycle:433	Time:4435000
                                     H                         T
0000000000000000000000000000000000000010011111000001111100000110	Cycle:434	Time:4445000
                                     H                         T
0000000000000000000000000000000000000010011111000001111100000110	Cycle:435	Time:4455000
                                     H                         T
0000000000000000000000000000000000000010011111000001111100000110	Cycle:436	Time:4465000
                                     H                         T
0000000000000000000000000000000000000010011111000001111100000110	Cycle:437	Time:4475000
                                     H                         T
0000000000000000000000000000000000000110011111000001111100000110	Cycle:438	Time:4485000
                                     H                         T
0000000000000000000000000000000000000000011111000001111100000110	Cycle:439	Time:4495000
                                       H                       T
0000000000000000000000000000000000000000011111000001111100000110	Cycle:440	Time:4505000
                                       H                       T
0000000000000000000000000000000000000000011111000001111100000110	Cycle:441	Time:4515000
                                       H                       T
0000000000000000000000000000000000000000011111000001111100000110	Cycle:442	Time:4525000
                                       H                       T
0000000000000000000000000000000000000001011111000001111100000110	Cycle:443	Time:4535000
                                       H                       T
0000000000000000000000000000000000000000011111000001111100000110	Cycle:444	Time:4545000
                                        H                      T
0000000000000000000000000000000000000000011111000001111100000110	Cycle:445	Time:4555000
                                        H                      T
0000000000000000000000000000000000000000011111000001111100000110	Cycle:446	Time:4565000
                                        H                      T
0000000000000000000000000000000000000000011111000001111100000110	Cycle:447	Time:4575000
                                        H                      T
0000000000000000000000000000000000000000111111000001111100000110	Cycle:448	Time:4585000
                                        H                      T
0000000000000000000000000000000000000000000011100001111100000110	Cycle:449	Time:4595000
                                            H                  T
0000000000000000000000000000000000000000000000001001111100000110	Cycle:450	Time:4605000
                                               H               T
0000000000000000000000000000000000000000000000001001111100000110	Cycle:451	Time:4615000
                                               H               T
0000000000000000000000000000000000000000000000001001111100000110	Cycle:452	Time:4625000
                                               H               T
0000000000000000000000000000000000000000000000001001111100000110	Cycle:453	Time:4635000
                                               H               T
0000000000000000000000000000000000000000000000001001111100000110	Cycle:454	Time:4645000
                                               H               T
0000000000000000000000000000000000000000000000001001111100000110	Cycle:455	Time:4655000
                                               H               T
0000000000000000000000000000000000000000000000011001111100000110	Cycle:456	Time:4665000
                                               H               T
0000000000000000000000000000000000000000000000000001111100000110	Cycle:457	Time:4675000
                                                 H             T
0000000000000000000000000000000000000000000000000001111100000110	Cycle:458	Time:4685000
                                                 H             T
0000000000000000000000000000000000000000000000000001111100000110	Cycle:459	Time:4695000
                                                 H             T
0000000000000000000000000000000000000000000000000001111100000110	Cycle:460	Time:4705000
                                                 H             T
0000000000000000000000000000000000000000000000000101111100000110	Cycle:461	Time:4715000
                                                 H             T
0000000000000000000000000000000000000000000000000001111100000110	Cycle:462	Time:4725000
                                                  H            T
0000000000000000000000000000000000000000000000000001111100000110	Cycle:463	Time:4735000
                                                  H            T
0000000000000000000000000000000000000000000000000001111100000110	Cycle:464	Time:4745000
                                                  H            T
0000000000000000000000000000000000000000000000000001111100000110	Cycle:465	Time:4755000
                                                  H            T
0000000000000000000000000000000000000000000000000011111100000110	Cycle:466	Time:4765000
                                                  H            T
0000000000000000000000000000000000000000000000000000001110000110	Cycle:467	Time:4775000
                                                      H        T
0000000000000000000000000000000000000000000000000000000010100110	Cycle:468	Time:4785000
                                                        H      T
0000000000000000000000000000000000000000000000000000000000000000	Cycle:469	Time:4795000
S
0000000000000000000000000000000000000000000000000000000000000000	Cycle:470	Time:4805000
S
0000000000000000000000000000000000000000000000000000000000000000	Cycle:471	Time:4815000
S
0000000000000000000000000000000000000000000000000000000000000000	Cycle:472	Time:4825000
S
0000000000000000000000000000000000000000000000000000000000000000	Cycle:473	Time:4835000
S
1000000000000000000000000000000000000000000000000000000000000000	Cycle:474	Time:4845000
HT
0111100000000000000000000000000000000000000000000000000000000000	Cycle:475	Time:4855000
 H   T
0000000000000000000000000000000000000000000000000000000000000000	Cycle:476	Time:4865000
S
0000000000000000000000000000000000000000000000000000000000000000	Cycle:476	Time:4875000
S
0000000000000000000000000000000000000000000000000000000000000000	Cycle:476	Time:4885000
S
0000000000000000000000000000000000000000000000000000000000000000	Cycle:476	Time:4895000
S
0000000000000000000000000000000000000000000000000000000000000000	Cycle:476	Time:4905000
S
0000000000000000000000000000000000000000000000000000000000000000	Cycle:476	Time:4915000
S
0000000000000000000000000000000000000000000000000000000000000000	Cycle:476	Time:4925000
S
0000000000000000000000000000000000000000000000000000000000000000	Cycle:476	Time:4935000
S
0000000000000000000000000000000000000000000000000000000000000000	Cycle:476	Time:4945000
S
0000000000000000000000000000000000000000000000000000000000000000	Cycle:476	Time:4955000
S
0000000000000000000000000000000000000000000000000000000000000000	Cycle:476	Time:4965000
S
0000000000000000000000000000000000000000000000000000000000000000	Cycle:476	Time:4975000
S
0000000000000000000000000000000000000000000000000000000000000000	Cycle:476	Time:4985000
S
0000000000000000000000000000000000000000000000000000000000000000	Cycle:476	Time:4995000
S
0000000000000000000000000000000000000000000000000000000000000000	Cycle:476	Time:5005000
S
0000000000000000000000000000000000000000000000000000000000000000	Cycle:476	Time:5015000
S
0000000000000000000000000000000000000000000000000000000000000000	Cycle:476	Time:5025000
S
0000000000000000000000000000000000000000000000000000000000000000	Cycle:476	Time:5035000
S
0000000000000000000000000000000000000000000000000000000000000000	Cycle:476	Time:5045000
S
0000000000000000000000000000000000000000000000000000000000000000	Cycle:476	Time:5055000
S
0000000000000000000000000000000000000000000000000000000000000000	Cycle:476	Time:5065000
S
0000000000000000000000000000000000000000000000000000000000000000	Cycle:476	Time:5075000
S
0000000000000000000000000000000000000000000000000000000000000000	Cycle:476	Time:5085000
S
0000000000000000000000000000000000000000000000000000000000000000	Cycle:476	Time:5095000
S
0000000000000000000000000000000000000000000000000000000000000000	Cycle:476	Time:5105000
S
0000000000000000000000000000000000000000000000000000000000000000	Cycle:476	Time:5115000
S
0000000000000000000000000000000000000000000000000000000000000000	Cycle:476	Time:5125000
S
0000000000000000000000000000000000000000000000000000000000000000	Cycle:476	Time:5135000
S
0000000000000000000000000000000000000000000000000000000000000000	Cycle:476	Time:5145000
S
0000000000000000000000000000000000000000000000000000000000000000	Cycle:476	Time:5155000
S
0000000000000000000000000000000000000000000000000000000000000000	Cycle:476	Time:5165000
S
0000000000000000000000000000000000000000000000000000000000000000	Cycle:476	Time:5175000
S
0000000000000000000000000000000000000000000000000000000000000000	Cycle:476	Time:5185000
S
0000000000000000000000000000000000000000000000000000000000000000	Cycle:476	Time:5195000
S
0000000000000000000000000000000000000000000000000000000000000000	Cycle:476	Time:5205000
S
0000000000000000000000000000000000000000000000000000000000000000	Cycle:476	Time:5215000
S
0000000000000000000000000000000000000000000000000000000000000000	Cycle:476	Time:5225000
S
0000000000000000000000000000000000000000000000000000000000000000	Cycle:476	Time:5235000
S
0000000000000000000000000000000000000000000000000000000000000000	Cycle:476	Time:5245000
S
0000000000000000000000000000000000000000000000000000000000000000	Cycle:476	Time:5255000
S
0000000000000000000000000000000000000000000000000000000000000000	Cycle:476	Time:5265000
S
0000000000000000000000000000000000000000000000000000000000000000	Cycle:476	Time:5275000
S
0000000000000000000000000000000000000000000000000000000000000000	Cycle:476	Time:5285000
S
0000000000000000000000000000000000000000000000000000000000000000	Cycle:476	Time:5295000
S
0000000000000000000000000000000000000000000000000000000000000000	Cycle:476	Time:5305000
S
0000000000000000000000000000000000000000000000000000000000000000	Cycle:476	Time:5315000
S
0000000000000000000000000000000000000000000000000000000000000000	Cycle:476	Time:5325000
S
0000000000000000000000000000000000000000000000000000000000000000	Cycle:476	Time:5335000
S
0000000000000000000000000000000000000000000000000000000000000000	Cycle:476	Time:5345000
S
0000000000000000000000000000000000000000000000000000000000000000	Cycle:476	Time:5355000
S
0000000000000000000000000000000000000000000000000000000000000000	Cycle:476	Time:5365000
S
0000000000000000000000000000000000000000000000000000000000000000	Cycle:476	Time:5375000
S
0000000000000000000000000000000000000000000000000000000000000000	Cycle:476	Time:5385000
S
0000000000000000000000000000000000000000000000000000000000000000	Cycle:476	Time:5395000
S
0000000000000000000000000000000000000000000000000000000000000000	Cycle:476	Time:5405000
S
0000000000000000000000000000000000000000000000000000000000000000	Cycle:476	Time:5415000
S
0000000000000000000000000000000000000000000000000000000000000000	Cycle:476	Time:5425000
S
0000000000000000000000000000000000000000000000000000000000000000	Cycle:476	Time:5435000
S
0000000000000000000000000000000000000000000000000000000000000000	Cycle:476	Time:5445000
S
0000000000000000000000000000000000000000000000000000000000000000	Cycle:476	Time:5455000
S
0000000000000000000000000000000000000000000000000000000000000000	Cycle:476	Time:5465000
S
0000000000000000000000000000000000000000000000000000000000000000	Cycle:476	Time:5475000
S
0000000000000000000000000000000000000000000000000000000000000000	Cycle:476	Time:5485000
S
0000000000000000000000000000000000000000000000000000000000000000	Cycle:476	Time:5495000
S
0000000000000000000000000000000000000000000000000000000000000000	Cycle:476	Time:5505000
S
0000000000000000000000000000000000000000000000000000000000000000	Cycle:476	Time:5515000
S
0000000000000000000000000000000000000000000000000000000000000000	Cycle:476	Time:5525000
S
0000000000000000000000000000000000000000000000000000000000000000	Cycle:476	Time:5535000
S
0000000000000000000000000000000000000000000000000000000000000000	Cycle:476	Time:5545000
S
0000000000000000000000000000000000000000000000000000000000000000	Cycle:476	Time:5555000
S
0000000000000000000000000000000000000000000000000000000000000000	Cycle:476	Time:5565000
S
0000000000000000000000000000000000000000000000000000000000000000	Cycle:476	Time:5575000
S
0000000000000000000000000000000000000000000000000000000000000000	Cycle:476	Time:5585000
S
0000000000000000000000000000000000000000000000000000000000000000	Cycle:476	Time:5595000
S
0000000000000000000000000000000000000000000000000000000000000000	Cycle:476	Time:5605000
S
0000000000000000000000000000000000000000000000000000000000000000	Cycle:476	Time:5615000
S
0000000000000000000000000000000000000000000000000000000000000000	Cycle:476	Time:5625000
S
0000000000000000000000000000000000000000000000000000000000000000	Cycle:476	Time:5635000
S
0000000000000000000000000000000000000000000000000000000000000000	Cycle:476	Time:5645000
S
0000000000000000000000000000000000000000000000000000000000000000	Cycle:476	Time:5655000
S
0000000000000000000000000000000000000000000000000000000000000000	Cycle:476	Time:5665000
S
0000000000000000000000000000000000000000000000000000000000000000	Cycle:476	Time:5675000
S
0000000000000000000000000000000000000000000000000000000000000000	Cycle:476	Time:5685000
S
0000000000000000000000000000000000000000000000000000000000000000	Cycle:476	Time:5695000
S
0000000000000000000000000000000000000000000000000000000000000000	Cycle:476	Time:5705000
S
0000000000000000000000000000000000000000000000000000000000000000	Cycle:476	Time:5715000
S
0000000000000000000000000000000000000000000000000000000000000000	Cycle:476	Time:5725000
S
0000000000000000000000000000000000000000000000000000000000000000	Cycle:476	Time:5735000
S
0000000000000000000000000000000000000000000000000000000000000000	Cycle:476	Time:5745000
S
0000000000000000000000000000000000000000000000000000000000000000	Cycle:476	Time:5755000
S
0000000000000000000000000000000000000000000000000000000000000000	Cycle:476	Time:5765000
S
0000000000000000000000000000000000000000000000000000000000000000	Cycle:476	Time:5775000
S
0000000000000000000000000000000000000000000000000000000000000000	Cycle:476	Time:5785000
S
0000000000000000000000000000000000000000000000000000000000000000	Cycle:476	Time:5795000
S
0000000000000000000000000000000000000000000000000000000000000000	Cycle:476	Time:5805000
S
0000000000000000000000000000000000000000000000000000000000000000	Cycle:476	Time:5815000
S
0000000000000000000000000000000000000000000000000000000000000000	Cycle:476	Time:5825000
S
0000000000000000000000000000000000000000000000000000000000000000	Cycle:476	Time:5835000
S
0000000000000000000000000000000000000000000000000000000000000000	Cycle:476	Time:5845000
S
